Determining if the pthread_create exist failed with the following output:
Change Dir: /home/bren/src/paddlewheel/3rdparty/gtest-1.6.0/CMakeFiles/CMakeTmp

Run Build Command:/usr/bin/make "cmTryCompileExec3415384108/fast"
/usr/bin/make -f CMakeFiles/cmTryCompileExec3415384108.dir/build.make CMakeFiles/cmTryCompileExec3415384108.dir/build
make[1]: Entering directory `/home/bren/src/paddlewheel/3rdparty/gtest-1.6.0/CMakeFiles/CMakeTmp'
/usr/bin/cmake -E cmake_progress_report /home/bren/src/paddlewheel/3rdparty/gtest-1.6.0/CMakeFiles/CMakeTmp/CMakeFiles 1
Building C object CMakeFiles/cmTryCompileExec3415384108.dir/CheckSymbolExists.c.o
/usr/bin/gcc    -o CMakeFiles/cmTryCompileExec3415384108.dir/CheckSymbolExists.c.o   -c /home/bren/src/paddlewheel/3rdparty/gtest-1.6.0/CMakeFiles/CMakeTmp/CheckSymbolExists.c
Linking C executable cmTryCompileExec3415384108
/usr/bin/cmake -E cmake_link_script CMakeFiles/cmTryCompileExec3415384108.dir/link.txt --verbose=1
/usr/bin/gcc         CMakeFiles/cmTryCompileExec3415384108.dir/CheckSymbolExists.c.o  -o cmTryCompileExec3415384108 -rdynamic 
CMakeFiles/cmTryCompileExec3415384108.dir/CheckSymbolExists.c.o:CheckSymbolExists.c:function main: error: undefined reference to 'pthread_create'
collect2: error: ld returned 1 exit status
make[1]: *** [cmTryCompileExec3415384108] Error 1
make[1]: Leaving directory `/home/bren/src/paddlewheel/3rdparty/gtest-1.6.0/CMakeFiles/CMakeTmp'
make: *** [cmTryCompileExec3415384108/fast] Error 2

File /home/bren/src/paddlewheel/3rdparty/gtest-1.6.0/CMakeFiles/CMakeTmp/CheckSymbolExists.c:
/* */
#include <pthread.h>

int main(int argc, char** argv)
{
  (void)argv;
#ifndef pthread_create
  return ((int*)(&pthread_create))[argc];
#else
  (void)argc;
  return 0;
#endif
}

Determining if the function pthread_create exists in the pthreads failed with the following output:
Change Dir: /home/bren/src/paddlewheel/3rdparty/gtest-1.6.0/CMakeFiles/CMakeTmp

Run Build Command:/usr/bin/make "cmTryCompileExec1119637491/fast"
/usr/bin/make -f CMakeFiles/cmTryCompileExec1119637491.dir/build.make CMakeFiles/cmTryCompileExec1119637491.dir/build
make[1]: Entering directory `/home/bren/src/paddlewheel/3rdparty/gtest-1.6.0/CMakeFiles/CMakeTmp'
/usr/bin/cmake -E cmake_progress_report /home/bren/src/paddlewheel/3rdparty/gtest-1.6.0/CMakeFiles/CMakeTmp/CMakeFiles 1
Building C object CMakeFiles/cmTryCompileExec1119637491.dir/CheckFunctionExists.c.o
/usr/bin/gcc   -DCHECK_FUNCTION_EXISTS=pthread_create   -o CMakeFiles/cmTryCompileExec1119637491.dir/CheckFunctionExists.c.o   -c /usr/share/cmake-2.8/Modules/CheckFunctionExists.c
Linking C executable cmTryCompileExec1119637491
/usr/bin/cmake -E cmake_link_script CMakeFiles/cmTryCompileExec1119637491.dir/link.txt --verbose=1
/usr/bin/gcc     -DCHECK_FUNCTION_EXISTS=pthread_create    CMakeFiles/cmTryCompileExec1119637491.dir/CheckFunctionExists.c.o  -o cmTryCompileExec1119637491 -rdynamic -lpthreads 
/usr/bin/ld: error: cannot find -lpthreads
CMakeFiles/cmTryCompileExec1119637491.dir/CheckFunctionExists.c.o:CheckFunctionExists.c:function main: error: undefined reference to 'pthread_create'
collect2: error: ld returned 1 exit status
make[1]: *** [cmTryCompileExec1119637491] Error 1
make[1]: Leaving directory `/home/bren/src/paddlewheel/3rdparty/gtest-1.6.0/CMakeFiles/CMakeTmp'
make: *** [cmTryCompileExec1119637491/fast] Error 2


